<?xml version="1.0" encoding="UTF-8"?>
<!-- Generated by org.testng.reporters.JUnitXMLReporter -->
<testsuite hostname="Lenovo" name="Test" tests="1" failures="0" timestamp="17 Dec 2020 20:08:00 GMT" time="0.149" errors="0">
  <testcase name="@BeforeMethod setupTest" time="0.0" classname="com.todos.tests.AddTodoTests">
    <failure type="java.lang.IllegalStateException" message="The driver executable does not exist: C:\Users\User\eclipse-workspace\selenium-testNG\src	estessourcesdriverschromedriver.exe">
      <![CDATA[java.lang.IllegalStateException: The driver executable does not exist: C:\Users\User\eclipse-workspace\selenium-testNG\src	est
essourcesdriverschromedriver.exe
	at com.google.common.base.Preconditions.checkState(Preconditions.java:197)
	at org.openqa.selenium.remote.service.DriverService.checkExecutable(DriverService.java:121)
	at org.openqa.selenium.remote.service.DriverService.findExecutable(DriverService.java:116)
	at org.openqa.selenium.chrome.ChromeDriverService.access$000(ChromeDriverService.java:32)
	at org.openqa.selenium.chrome.ChromeDriverService$Builder.findDefaultExecutable(ChromeDriverService.java:137)
	at org.openqa.selenium.remote.service.DriverService$Builder.build(DriverService.java:290)
	at org.openqa.selenium.chrome.ChromeDriverService.createDefaultService(ChromeDriverService.java:88)
	at org.openqa.selenium.chrome.ChromeDriver.<init>(ChromeDriver.java:116)
	at com.todos.utils.BasePage.initialization(BasePage.java:30)
	at com.todos.utils.Setup.setupTest(Setup.java:22)
... Removed 26 stack frames]]>
    </failure>
  </testcase> <!-- @BeforeMethod setupTest -->
  <testcase name="@AfterMethod cleanTest" time="0.0" classname="com.todos.tests.AddTodoTests">
    <skipped/>
  </testcase> <!-- @AfterMethod cleanTest -->
  <testcase name="iCanAddTodo" time="0.002" classname="com.todos.tests.AddTodoTests">
    <skipped/>
  </testcase> <!-- iCanAddTodo -->
</testsuite> <!-- Test -->
